[37mDEBU[0m[07/08/2015 23:33:15] logger initialized                           
[37mDEBU[0m[07/08/2015 23:33:15] =========Settings===========                 
[37mDEBU[0m[07/08/2015 23:33:15] userCollection = users                       
[37mDEBU[0m[07/08/2015 23:33:15] loglevel = debug                             
[37mDEBU[0m[07/08/2015 23:33:15] port = 8080                                  
[37mDEBU[0m[07/08/2015 23:33:15] dbuser = magicbuilder                        
[37mDEBU[0m[07/08/2015 23:33:15] dbpassword = alm123                          
[37mDEBU[0m[07/08/2015 23:33:15] dbport = 8085                                
[37mDEBU[0m[07/08/2015 23:33:15] dbname = magicbuildertest                    
[37mDEBU[0m[07/08/2015 23:33:15] dbaddress = 162.243.101.6                    
[37mDEBU[0m[07/08/2015 23:33:15] ============================                 
[34mINFO[0m[07/08/2015 23:33:15] connecting to mongodb                        
[34mINFO[0m[07/08/2015 23:33:15] Connecting to mongodb @ mongodb://magicbuilder:alm123@162.243.101.6:8085/magicbuildertest 
[34mINFO[0m[07/08/2015 23:33:15] mongodb connection successful                
[37mDEBU[0m[07/08/2015 23:33:15] Creating router                              
[37mDEBU[0m[07/08/2015 23:33:15] login handler registered                     
[37mDEBU[0m[07/08/2015 23:33:15] signup handler registered                    
[37mDEBU[0m[07/08/2015 23:33:15] search handler registered                    
[37mDEBU[0m[07/08/2015 23:33:15] root handler registered                      
[37mDEBU[0m[07/08/2015 23:33:15] serving static client files                  
[37mDEBU[0m[07/08/2015 23:33:15] Router created                               
[34mINFO[0m[07/08/2015 23:33:15] Server ready on port 8080                    

[37mDEBU[0m[07/08/2015 23:36:39] logger initialized                           
[34mINFO[0m[07/08/2015 23:36:39] Log file: cardcollector.out                  
[34mINFO[0m[07/08/2015 23:36:39] =========Settings===========                 
[34mINFO[0m[07/08/2015 23:36:39] loglevel = debug                             
[34mINFO[0m[07/08/2015 23:36:39] port = 8080                                  
[34mINFO[0m[07/08/2015 23:36:39] dbuser = magicbuilder                        
[34mINFO[0m[07/08/2015 23:36:39] dbpassword = alm123                          
[34mINFO[0m[07/08/2015 23:36:39] dbport = 8085                                
[34mINFO[0m[07/08/2015 23:36:39] dbname = magicbuildertest                    
[34mINFO[0m[07/08/2015 23:36:39] dbaddress = 162.243.101.6                    
[34mINFO[0m[07/08/2015 23:36:39] userCollection = users                       
[34mINFO[0m[07/08/2015 23:36:39] ============================                 
[34mINFO[0m[07/08/2015 23:36:39] connecting to mongodb                        
[34mINFO[0m[07/08/2015 23:36:39] Connecting to mongodb @ mongodb://magicbuilder:alm123@162.243.101.6:8085/magicbuildertest 
[34mINFO[0m[07/08/2015 23:36:40] mongodb connection successful                
[37mDEBU[0m[07/08/2015 23:36:40] Creating router                              
[37mDEBU[0m[07/08/2015 23:36:40] login handler registered                     
[37mDEBU[0m[07/08/2015 23:36:40] signup handler registered                    
[37mDEBU[0m[07/08/2015 23:36:40] search handler registered                    
[37mDEBU[0m[07/08/2015 23:36:40] root handler registered                      
[37mDEBU[0m[07/08/2015 23:36:40] serving static client files                  
[37mDEBU[0m[07/08/2015 23:36:40] Router created                               
[34mINFO[0m[07/08/2015 23:36:40] Server ready on port 8080                    

[34mINFO[0m[07/08/2015 23:37:16] Cardinal starting                            
[37mDEBU[0m[07/08/2015 23:37:16] logger initialized                           
[34mINFO[0m[07/08/2015 23:37:16] Log file: cardcollector.out                  
[34mINFO[0m[07/08/2015 23:37:16] =========Settings===========                 
[34mINFO[0m[07/08/2015 23:37:16] dbport = 8085                                
[34mINFO[0m[07/08/2015 23:37:16] dbname = magicbuildertest                    
[34mINFO[0m[07/08/2015 23:37:16] dbaddress = 162.243.101.6                    
[34mINFO[0m[07/08/2015 23:37:16] userCollection = users                       
[34mINFO[0m[07/08/2015 23:37:16] loglevel = debug                             
[34mINFO[0m[07/08/2015 23:37:16] port = 8080                                  
[34mINFO[0m[07/08/2015 23:37:16] dbuser = magicbuilder                        
[34mINFO[0m[07/08/2015 23:37:16] dbpassword = alm123                          
[34mINFO[0m[07/08/2015 23:37:16] ============================                 
[34mINFO[0m[07/08/2015 23:37:16] connecting to mongodb                        
[34mINFO[0m[07/08/2015 23:37:16] Connecting to mongodb @ mongodb://magicbuilder:alm123@162.243.101.6:8085/magicbuildertest 
[34mINFO[0m[07/08/2015 23:37:16] mongodb connection successful                
[37mDEBU[0m[07/08/2015 23:37:16] Creating router                              
[37mDEBU[0m[07/08/2015 23:37:16] login handler registered                     
[37mDEBU[0m[07/08/2015 23:37:16] signup handler registered                    
[37mDEBU[0m[07/08/2015 23:37:16] search handler registered                    
[37mDEBU[0m[07/08/2015 23:37:16] root handler registered                      
[37mDEBU[0m[07/08/2015 23:37:16] serving static client files                  
[37mDEBU[0m[07/08/2015 23:37:16] Router created                               
[34mINFO[0m[07/08/2015 23:37:16] Server ready on port 8080                    
[37mDEBU[0m[07/08/2015 23:38:16] Incoming request recieved                    
