[CARD-MANAGER] 2015/05/24 00:22:58 Logger Initialized
[CARD-MANAGER] 2015/05/24 00:22:58 Compiling Sass
[CARD-MANAGER] 2015/05/24 00:22:58 Sass compiled
[CARD-MANAGER] 2015/05/24 00:22:58 Connecting to DB
[CARD-MANAGER] 2015/05/24 00:22:58 Connecting to DB: mongodb://magicbuilder:alm123@162.243.101.6:8085/magicbuildertest
[CARD-MANAGER] 2015/05/24 00:22:58 DB Initialized
[CARD-MANAGER] 2015/05/24 00:22:58 Creating Router
[CARD-MANAGER] 2015/05/24 00:22:58 Router Created
[CARD-MANAGER] 2015/05/24 00:22:58 Server ready
[CARD-MANAGER] 2015/05/24 00:23:27 User ChasingLogic has successfully logged in.

[CARD-MANAGER] 2015/05/24 00:25:50 Logger Initialized
[CARD-MANAGER] 2015/05/24 00:25:50 Compiling Sass
[CARD-MANAGER] 2015/05/24 00:25:50 Sass compiled
[CARD-MANAGER] 2015/05/24 00:25:50 Connecting to DB
[CARD-MANAGER] 2015/05/24 00:25:50 Connecting to DB: mongodb://magicbuilder:alm123@162.243.101.6:8085/magicbuildertest
[CARD-MANAGER] 2015/05/24 00:25:50 DB Initialized
[CARD-MANAGER] 2015/05/24 00:25:50 Creating Router
[CARD-MANAGER] 2015/05/24 00:25:50 Router Created
[CARD-MANAGER] 2015/05/24 00:25:50 Server ready

[CARD-MANAGER] 2015/05/24 00:25:52 Logger Initialized
[CARD-MANAGER] 2015/05/24 00:25:52 Compiling Sass
[CARD-MANAGER] 2015/05/24 00:25:52 Sass compiled
[CARD-MANAGER] 2015/05/24 00:25:52 Connecting to DB
[CARD-MANAGER] 2015/05/24 00:25:52 Connecting to DB: mongodb://magicbuilder:alm123@162.243.101.6:8085/magicbuildertest
[CARD-MANAGER] 2015/05/24 00:25:53 DB Initialized
[CARD-MANAGER] 2015/05/24 00:25:53 Creating Router
[CARD-MANAGER] 2015/05/24 00:25:53 Router Created
[CARD-MANAGER] 2015/05/24 00:25:53 Server ready
[CARD-MANAGER] 2015/05/24 00:25:59 EOF
[CARD-MANAGER] 2015/05/24 00:25:59 EOF
[CARD-MANAGER] 2015/05/24 00:25:59 User  has successfully signed up.
[CARD-MANAGER] 2015/05/24 00:25:59 E11000 duplicate key error index: magicbuildertest.users.$username_1 dup key: { : "" }
[CARD-MANAGER] 2015/05/24 00:26:00 EOF
[CARD-MANAGER] 2015/05/24 00:26:00 E11000 duplicate key error index: magicbuildertest.users.$username_1 dup key: { : "" }
[CARD-MANAGER] 2015/05/24 00:26:02 EOF
[CARD-MANAGER] 2015/05/24 00:26:02 E11000 duplicate key error index: magicbuildertest.users.$username_1 dup key: { : "" }
[CARD-MANAGER] 2015/05/24 00:26:02 EOF
[CARD-MANAGER] 2015/05/24 00:26:02 E11000 duplicate key error index: magicbuildertest.users.$username_1 dup key: { : "" }
[CARD-MANAGER] 2015/05/24 00:26:30 User ChasingLogic has successfully logged in.
[CARD-MANAGER] 2015/05/24 00:26:35 EOF
[CARD-MANAGER] 2015/05/24 00:26:35 E11000 duplicate key error index: magicbuildertest.users.$username_1 dup key: { : "" }
[CARD-MANAGER] 2015/05/24 00:26:35 EOF
[CARD-MANAGER] 2015/05/24 00:26:35 E11000 duplicate key error index: magicbuildertest.users.$username_1 dup key: { : "" }

[CARD-MANAGER] 2015/05/24 00:27:53 Logger Initialized
[CARD-MANAGER] 2015/05/24 00:27:53 Compiling Sass
[CARD-MANAGER] 2015/05/24 00:27:53 Sass compiled
[CARD-MANAGER] 2015/05/24 00:27:53 Connecting to DB
[CARD-MANAGER] 2015/05/24 00:27:53 Connecting to DB: mongodb://magicbuilder:alm123@162.243.101.6:8085/magicbuildertest
[CARD-MANAGER] 2015/05/24 00:27:53 DB Initialized
[CARD-MANAGER] 2015/05/24 00:27:53 Creating Router
[CARD-MANAGER] 2015/05/24 00:27:53 Router Created
[CARD-MANAGER] 2015/05/24 00:27:53 Server ready
[CARD-MANAGER] 2015/05/24 00:27:59 EOF
[CARD-MANAGER] 2015/05/24 00:27:59 EOF
[CARD-MANAGER] 2015/05/24 00:27:59 E11000 duplicate key error index: magicbuildertest.users.$username_1 dup key: { : "" }
[CARD-MANAGER] 2015/05/24 00:27:59 E11000 duplicate key error index: magicbuildertest.users.$username_1 dup key: { : "" }
[CARD-MANAGER] 2015/05/24 00:28:00 EOF
[CARD-MANAGER] 2015/05/24 00:28:00 E11000 duplicate key error index: magicbuildertest.users.$username_1 dup key: { : "" }

[CARD-MANAGER] 2015/05/24 00:28:41 Logger Initialized
[CARD-MANAGER] 2015/05/24 00:28:41 Compiling Sass
[CARD-MANAGER] 2015/05/24 00:28:41 Sass compiled
[CARD-MANAGER] 2015/05/24 00:28:41 Connecting to DB
[CARD-MANAGER] 2015/05/24 00:28:41 Connecting to DB: mongodb://magicbuilder:alm123@162.243.101.6:8085/magicbuildertest
[CARD-MANAGER] 2015/05/24 00:28:41 DB Initialized
[CARD-MANAGER] 2015/05/24 00:28:41 Creating Router
[CARD-MANAGER] 2015/05/24 00:28:41 Router Created
[CARD-MANAGER] 2015/05/24 00:28:41 Server ready
[CARD-MANAGER] 2015/05/24 00:28:42 EOF
[CARD-MANAGER] 2015/05/24 00:28:42 E11000 duplicate key error index: magicbuildertest.users.$username_1 dup key: { : "" }
[CARD-MANAGER] 2015/05/24 00:28:42 EOF
[CARD-MANAGER] 2015/05/24 00:28:42 E11000 duplicate key error index: magicbuildertest.users.$username_1 dup key: { : "" }
[CARD-MANAGER] 2015/05/24 00:28:42 EOF
[CARD-MANAGER] 2015/05/24 00:28:42 E11000 duplicate key error index: magicbuildertest.users.$username_1 dup key: { : "" }
[CARD-MANAGER] 2015/05/24 00:28:42 EOF
[CARD-MANAGER] 2015/05/24 00:28:42 E11000 duplicate key error index: magicbuildertest.users.$username_1 dup key: { : "" }
[CARD-MANAGER] 2015/05/24 00:28:44 EOF
[CARD-MANAGER] 2015/05/24 00:28:44 E11000 duplicate key error index: magicbuildertest.users.$username_1 dup key: { : "" }
[CARD-MANAGER] 2015/05/24 00:28:45 EOF
[CARD-MANAGER] 2015/05/24 00:28:45 EOF
[CARD-MANAGER] 2015/05/24 00:28:45 E11000 duplicate key error index: magicbuildertest.users.$username_1 dup key: { : "" }
[CARD-MANAGER] 2015/05/24 00:28:45 EOF
[CARD-MANAGER] 2015/05/24 00:28:45 E11000 duplicate key error index: magicbuildertest.users.$username_1 dup key: { : "" }
[CARD-MANAGER] 2015/05/24 00:28:45 EOF
[CARD-MANAGER] 2015/05/24 00:28:45 E11000 duplicate key error index: magicbuildertest.users.$username_1 dup key: { : "" }
[CARD-MANAGER] 2015/05/24 00:28:45 E11000 duplicate key error index: magicbuildertest.users.$username_1 dup key: { : "" }
[CARD-MANAGER] 2015/05/24 00:28:55 EOF
[CARD-MANAGER] 2015/05/24 00:28:55 E11000 duplicate key error index: magicbuildertest.users.$username_1 dup key: { : "" }
[CARD-MANAGER] 2015/05/24 00:28:55 EOF
[CARD-MANAGER] 2015/05/24 00:28:55 E11000 duplicate key error index: magicbuildertest.users.$username_1 dup key: { : "" }
[CARD-MANAGER] 2015/05/24 00:28:55 EOF
[CARD-MANAGER] 2015/05/24 00:28:56 E11000 duplicate key error index: magicbuildertest.users.$username_1 dup key: { : "" }
[CARD-MANAGER] 2015/05/24 00:28:56 EOF
[CARD-MANAGER] 2015/05/24 00:28:56 EOF
[CARD-MANAGER] 2015/05/24 00:28:56 E11000 duplicate key error index: magicbuildertest.users.$username_1 dup key: { : "" }
[CARD-MANAGER] 2015/05/24 00:28:56 E11000 duplicate key error index: magicbuildertest.users.$username_1 dup key: { : "" }
[CARD-MANAGER] 2015/05/24 00:28:56 EOF
[CARD-MANAGER] 2015/05/24 00:28:56 E11000 duplicate key error index: magicbuildertest.users.$username_1 dup key: { : "" }
[CARD-MANAGER] 2015/05/24 00:28:56 EOF
[CARD-MANAGER] 2015/05/24 00:28:56 E11000 duplicate key error index: magicbuildertest.users.$username_1 dup key: { : "" }
[CARD-MANAGER] 2015/05/24 00:28:57 EOF
[CARD-MANAGER] 2015/05/24 00:28:57 E11000 duplicate key error index: magicbuildertest.users.$username_1 dup key: { : "" }
[CARD-MANAGER] 2015/05/24 00:28:57 EOF
[CARD-MANAGER] 2015/05/24 00:28:57 EOF
[CARD-MANAGER] 2015/05/24 00:28:57 E11000 duplicate key error index: magicbuildertest.users.$username_1 dup key: { : "" }
[CARD-MANAGER] 2015/05/24 00:28:57 E11000 duplicate key error index: magicbuildertest.users.$username_1 dup key: { : "" }
[CARD-MANAGER] 2015/05/24 00:28:57 EOF
[CARD-MANAGER] 2015/05/24 00:28:57 E11000 duplicate key error index: magicbuildertest.users.$username_1 dup key: { : "" }
[CARD-MANAGER] 2015/05/24 00:29:38 EOF
[CARD-MANAGER] 2015/05/24 00:29:38 E11000 duplicate key error index: magicbuildertest.users.$username_1 dup key: { : "" }
[CARD-MANAGER] 2015/05/24 00:29:39 EOF
[CARD-MANAGER] 2015/05/24 00:29:39 EOF
[CARD-MANAGER] 2015/05/24 00:29:39 E11000 duplicate key error index: magicbuildertest.users.$username_1 dup key: { : "" }
[CARD-MANAGER] 2015/05/24 00:29:39 EOF
[CARD-MANAGER] 2015/05/24 00:29:39 E11000 duplicate key error index: magicbuildertest.users.$username_1 dup key: { : "" }
[CARD-MANAGER] 2015/05/24 00:29:39 EOF
[CARD-MANAGER] 2015/05/24 00:29:39 E11000 duplicate key error index: magicbuildertest.users.$username_1 dup key: { : "" }
[CARD-MANAGER] 2015/05/24 00:29:39 EOF
[CARD-MANAGER] 2015/05/24 00:29:39 E11000 duplicate key error index: magicbuildertest.users.$username_1 dup key: { : "" }
[CARD-MANAGER] 2015/05/24 00:29:39 EOF
[CARD-MANAGER] 2015/05/24 00:29:39 E11000 duplicate key error index: magicbuildertest.users.$username_1 dup key: { : "" }
[CARD-MANAGER] 2015/05/24 00:29:39 EOF
[CARD-MANAGER] 2015/05/24 00:29:39 E11000 duplicate key error index: magicbuildertest.users.$username_1 dup key: { : "" }
[CARD-MANAGER] 2015/05/24 00:29:39 E11000 duplicate key error index: magicbuildertest.users.$username_1 dup key: { : "" }
[CARD-MANAGER] 2015/05/24 00:29:39 EOF
[CARD-MANAGER] 2015/05/24 00:29:39 E11000 duplicate key error index: magicbuildertest.users.$username_1 dup key: { : "" }
[CARD-MANAGER] 2015/05/24 00:29:39 EOF
[CARD-MANAGER] 2015/05/24 00:29:39 E11000 duplicate key error index: magicbuildertest.users.$username_1 dup key: { : "" }
[CARD-MANAGER] 2015/05/24 00:29:40 EOF
[CARD-MANAGER] 2015/05/24 00:29:40 EOF
[CARD-MANAGER] 2015/05/24 00:29:40 E11000 duplicate key error index: magicbuildertest.users.$username_1 dup key: { : "" }
[CARD-MANAGER] 2015/05/24 00:29:40 E11000 duplicate key error index: magicbuildertest.users.$username_1 dup key: { : "" }
[CARD-MANAGER] 2015/05/24 00:29:40 EOF
[CARD-MANAGER] 2015/05/24 00:29:40 E11000 duplicate key error index: magicbuildertest.users.$username_1 dup key: { : "" }
[CARD-MANAGER] 2015/05/24 00:29:40 EOF
[CARD-MANAGER] 2015/05/24 00:29:40 E11000 duplicate key error index: magicbuildertest.users.$username_1 dup key: { : "" }
[CARD-MANAGER] 2015/05/24 00:29:40 EOF
[CARD-MANAGER] 2015/05/24 00:29:40 E11000 duplicate key error index: magicbuildertest.users.$username_1 dup key: { : "" }
[CARD-MANAGER] 2015/05/24 00:29:40 EOF
[CARD-MANAGER] 2015/05/24 00:29:40 E11000 duplicate key error index: magicbuildertest.users.$username_1 dup key: { : "" }
[CARD-MANAGER] 2015/05/24 00:29:41 EOF
[CARD-MANAGER] 2015/05/24 00:29:41 E11000 duplicate key error index: magicbuildertest.users.$username_1 dup key: { : "" }
[CARD-MANAGER] 2015/05/24 00:29:42 EOF
[CARD-MANAGER] 2015/05/24 00:29:42 EOF
[CARD-MANAGER] 2015/05/24 00:29:42 E11000 duplicate key error index: magicbuildertest.users.$username_1 dup key: { : "" }
[CARD-MANAGER] 2015/05/24 00:29:42 EOF
[CARD-MANAGER] 2015/05/24 00:29:42 E11000 duplicate key error index: magicbuildertest.users.$username_1 dup key: { : "" }
[CARD-MANAGER] 2015/05/24 00:29:42 EOF
[CARD-MANAGER] 2015/05/24 00:29:42 E11000 duplicate key error index: magicbuildertest.users.$username_1 dup key: { : "" }
[CARD-MANAGER] 2015/05/24 00:29:42 E11000 duplicate key error index: magicbuildertest.users.$username_1 dup key: { : "" }
[CARD-MANAGER] 2015/05/24 00:29:42 EOF
[CARD-MANAGER] 2015/05/24 00:29:42 E11000 duplicate key error index: magicbuildertest.users.$username_1 dup key: { : "" }
[CARD-MANAGER] 2015/05/24 00:29:42 EOF
[CARD-MANAGER] 2015/05/24 00:29:42 E11000 duplicate key error index: magicbuildertest.users.$username_1 dup key: { : "" }
[CARD-MANAGER] 2015/05/24 00:29:42 EOF
[CARD-MANAGER] 2015/05/24 00:29:43 E11000 duplicate key error index: magicbuildertest.users.$username_1 dup key: { : "" }
[CARD-MANAGER] 2015/05/24 00:29:43 EOF
[CARD-MANAGER] 2015/05/24 00:29:43 E11000 duplicate key error index: magicbuildertest.users.$username_1 dup key: { : "" }
[CARD-MANAGER] 2015/05/24 00:29:43 EOF
[CARD-MANAGER] 2015/05/24 00:29:43 E11000 duplicate key error index: magicbuildertest.users.$username_1 dup key: { : "" }
[CARD-MANAGER] 2015/05/24 00:29:43 EOF
[CARD-MANAGER] 2015/05/24 00:29:43 E11000 duplicate key error index: magicbuildertest.users.$username_1 dup key: { : "" }
[CARD-MANAGER] 2015/05/24 00:29:43 EOF
[CARD-MANAGER] 2015/05/24 00:29:43 E11000 duplicate key error index: magicbuildertest.users.$username_1 dup key: { : "" }
[CARD-MANAGER] 2015/05/24 00:29:43 EOF
[CARD-MANAGER] 2015/05/24 00:29:43 E11000 duplicate key error index: magicbuildertest.users.$username_1 dup key: { : "" }
[CARD-MANAGER] 2015/05/24 00:29:43 EOF
[CARD-MANAGER] 2015/05/24 00:29:44 E11000 duplicate key error index: magicbuildertest.users.$username_1 dup key: { : "" }
[CARD-MANAGER] 2015/05/24 00:29:44 EOF
[CARD-MANAGER] 2015/05/24 00:29:44 E11000 duplicate key error index: magicbuildertest.users.$username_1 dup key: { : "" }
[CARD-MANAGER] 2015/05/24 00:29:44 EOF
[CARD-MANAGER] 2015/05/24 00:29:44 E11000 duplicate key error index: magicbuildertest.users.$username_1 dup key: { : "" }
[CARD-MANAGER] 2015/05/24 00:30:32 EOF
[CARD-MANAGER] 2015/05/24 00:30:32 E11000 duplicate key error index: magicbuildertest.users.$username_1 dup key: { : "" }

[CARD-MANAGER] 2015/05/24 00:31:40 Logger Initialized
[CARD-MANAGER] 2015/05/24 00:31:40 Compiling Sass
[CARD-MANAGER] 2015/05/24 00:31:40 Sass compiled
[CARD-MANAGER] 2015/05/24 00:31:40 Connecting to DB
[CARD-MANAGER] 2015/05/24 00:31:40 Connecting to DB: mongodb://magicbuilder:alm123@162.243.101.6:8085/magicbuildertest
[CARD-MANAGER] 2015/05/24 00:31:40 DB Initialized
[CARD-MANAGER] 2015/05/24 00:31:40 Creating Router
[CARD-MANAGER] 2015/05/24 00:31:40 Router Created
[CARD-MANAGER] 2015/05/24 00:31:40 Server ready
[CARD-MANAGER] 2015/05/24 00:31:40 SIGNUP CALLED
[CARD-MANAGER] 2015/05/24 00:31:40 EOF
[CARD-MANAGER] 2015/05/24 00:31:40 E11000 duplicate key error index: magicbuildertest.users.$username_1 dup key: { : "" }
[CARD-MANAGER] 2015/05/24 00:31:40 SIGNUP CALLED
[CARD-MANAGER] 2015/05/24 00:31:40 EOF
[CARD-MANAGER] 2015/05/24 00:31:40 E11000 duplicate key error index: magicbuildertest.users.$username_1 dup key: { : "" }
[CARD-MANAGER] 2015/05/24 00:31:41 SIGNUP CALLED
[CARD-MANAGER] 2015/05/24 00:31:41 EOF
[CARD-MANAGER] 2015/05/24 00:31:41 E11000 duplicate key error index: magicbuildertest.users.$username_1 dup key: { : "" }
[CARD-MANAGER] 2015/05/24 00:31:41 SIGNUP CALLED
[CARD-MANAGER] 2015/05/24 00:31:41 EOF
[CARD-MANAGER] 2015/05/24 00:31:41 SIGNUP CALLED
[CARD-MANAGER] 2015/05/24 00:31:41 EOF
[CARD-MANAGER] 2015/05/24 00:31:41 E11000 duplicate key error index: magicbuildertest.users.$username_1 dup key: { : "" }
[CARD-MANAGER] 2015/05/24 00:31:41 SIGNUP CALLED
[CARD-MANAGER] 2015/05/24 00:31:41 EOF
[CARD-MANAGER] 2015/05/24 00:31:41 E11000 duplicate key error index: magicbuildertest.users.$username_1 dup key: { : "" }
[CARD-MANAGER] 2015/05/24 00:31:41 SIGNUP CALLED
[CARD-MANAGER] 2015/05/24 00:31:41 EOF
[CARD-MANAGER] 2015/05/24 00:31:41 E11000 duplicate key error index: magicbuildertest.users.$username_1 dup key: { : "" }
[CARD-MANAGER] 2015/05/24 00:31:41 SIGNUP CALLED
[CARD-MANAGER] 2015/05/24 00:31:41 EOF
[CARD-MANAGER] 2015/05/24 00:31:41 E11000 duplicate key error index: magicbuildertest.users.$username_1 dup key: { : "" }
[CARD-MANAGER] 2015/05/24 00:31:41 SIGNUP CALLED
[CARD-MANAGER] 2015/05/24 00:31:41 EOF
[CARD-MANAGER] 2015/05/24 00:31:41 E11000 duplicate key error index: magicbuildertest.users.$username_1 dup key: { : "" }
[CARD-MANAGER] 2015/05/24 00:31:41 E11000 duplicate key error index: magicbuildertest.users.$username_1 dup key: { : "" }
[CARD-MANAGER] 2015/05/24 00:31:41 SIGNUP CALLED
[CARD-MANAGER] 2015/05/24 00:31:41 EOF
[CARD-MANAGER] 2015/05/24 00:31:41 E11000 duplicate key error index: magicbuildertest.users.$username_1 dup key: { : "" }
[CARD-MANAGER] 2015/05/24 00:31:41 SIGNUP CALLED
[CARD-MANAGER] 2015/05/24 00:31:41 EOF
[CARD-MANAGER] 2015/05/24 00:31:41 E11000 duplicate key error index: magicbuildertest.users.$username_1 dup key: { : "" }
[CARD-MANAGER] 2015/05/24 00:31:41 SIGNUP CALLED
[CARD-MANAGER] 2015/05/24 00:31:41 EOF
[CARD-MANAGER] 2015/05/24 00:31:42 E11000 duplicate key error index: magicbuildertest.users.$username_1 dup key: { : "" }
[CARD-MANAGER] 2015/05/24 00:31:42 SIGNUP CALLED
[CARD-MANAGER] 2015/05/24 00:31:42 EOF
[CARD-MANAGER] 2015/05/24 00:31:42 E11000 duplicate key error index: magicbuildertest.users.$username_1 dup key: { : "" }
[CARD-MANAGER] 2015/05/24 00:31:42 SIGNUP CALLED
[CARD-MANAGER] 2015/05/24 00:31:42 EOF
[CARD-MANAGER] 2015/05/24 00:31:42 E11000 duplicate key error index: magicbuildertest.users.$username_1 dup key: { : "" }
[CARD-MANAGER] 2015/05/24 00:31:42 SIGNUP CALLED
[CARD-MANAGER] 2015/05/24 00:31:42 EOF
[CARD-MANAGER] 2015/05/24 00:31:42 E11000 duplicate key error index: magicbuildertest.users.$username_1 dup key: { : "" }
[CARD-MANAGER] 2015/05/24 00:31:42 SIGNUP CALLED
[CARD-MANAGER] 2015/05/24 00:31:42 EOF
[CARD-MANAGER] 2015/05/24 00:31:42 E11000 duplicate key error index: magicbuildertest.users.$username_1 dup key: { : "" }
[CARD-MANAGER] 2015/05/24 00:31:42 SIGNUP CALLED
[CARD-MANAGER] 2015/05/24 00:31:42 EOF
[CARD-MANAGER] 2015/05/24 00:31:42 SIGNUP CALLED
[CARD-MANAGER] 2015/05/24 00:31:42 EOF
[CARD-MANAGER] 2015/05/24 00:31:42 E11000 duplicate key error index: magicbuildertest.users.$username_1 dup key: { : "" }
[CARD-MANAGER] 2015/05/24 00:31:42 E11000 duplicate key error index: magicbuildertest.users.$username_1 dup key: { : "" }
[CARD-MANAGER] 2015/05/24 00:31:42 SIGNUP CALLED
[CARD-MANAGER] 2015/05/24 00:31:42 EOF
[CARD-MANAGER] 2015/05/24 00:31:42 E11000 duplicate key error index: magicbuildertest.users.$username_1 dup key: { : "" }
[CARD-MANAGER] 2015/05/24 00:31:42 SIGNUP CALLED
[CARD-MANAGER] 2015/05/24 00:31:42 EOF
[CARD-MANAGER] 2015/05/24 00:31:42 SIGNUP CALLED
[CARD-MANAGER] 2015/05/24 00:31:42 EOF
[CARD-MANAGER] 2015/05/24 00:31:42 E11000 duplicate key error index: magicbuildertest.users.$username_1 dup key: { : "" }
[CARD-MANAGER] 2015/05/24 00:31:42 E11000 duplicate key error index: magicbuildertest.users.$username_1 dup key: { : "" }
[CARD-MANAGER] 2015/05/24 00:31:42 SIGNUP CALLED
[CARD-MANAGER] 2015/05/24 00:31:42 EOF
[CARD-MANAGER] 2015/05/24 00:31:42 E11000 duplicate key error index: magicbuildertest.users.$username_1 dup key: { : "" }
[CARD-MANAGER] 2015/05/24 00:31:42 SIGNUP CALLED
[CARD-MANAGER] 2015/05/24 00:31:42 EOF
[CARD-MANAGER] 2015/05/24 00:31:42 E11000 duplicate key error index: magicbuildertest.users.$username_1 dup key: { : "" }

[CARD-MANAGER] 2015/05/24 00:32:23 Logger Initialized
[CARD-MANAGER] 2015/05/24 00:32:23 Compiling Sass
[CARD-MANAGER] 2015/05/24 00:32:23 Sass compiled
[CARD-MANAGER] 2015/05/24 00:32:23 Connecting to DB
[CARD-MANAGER] 2015/05/24 00:32:23 Connecting to DB: mongodb://magicbuilder:alm123@162.243.101.6:8085/magicbuildertest
[CARD-MANAGER] 2015/05/24 00:32:23 DB Initialized
[CARD-MANAGER] 2015/05/24 00:32:23 Creating Router
[CARD-MANAGER] 2015/05/24 00:32:23 Router Created
[CARD-MANAGER] 2015/05/24 00:32:23 Server ready
[CARD-MANAGER] 2015/05/24 00:32:23 magic
[CARD-MANAGER] 2015/05/24 00:32:23 asdfasdfasdfas
[CARD-MANAGER] 2015/05/24 00:32:23 magic
[CARD-MANAGER] 2015/05/24 00:32:23 asdfasdfasdfa
[CARD-MANAGER] 2015/05/24 00:32:23 magic
[CARD-MANAGER] 2015/05/24 00:32:23 asdfasdfasdf
[CARD-MANAGER] 2015/05/24 00:32:23 magic
[CARD-MANAGER] 2015/05/24 00:32:23 asdfasdfasd
[CARD-MANAGER] 2015/05/24 00:32:24 magic
[CARD-MANAGER] 2015/05/24 00:32:24 asdfasdfas
[CARD-MANAGER] 2015/05/24 00:32:24 magic
[CARD-MANAGER] 2015/05/24 00:32:24 asdfasdfa
[CARD-MANAGER] 2015/05/24 00:32:24 magic
[CARD-MANAGER] 2015/05/24 00:32:24 asdfasdf
[CARD-MANAGER] 2015/05/24 00:32:24 magic
[CARD-MANAGER] 2015/05/24 00:32:24 asdfasd
[CARD-MANAGER] 2015/05/24 00:32:24 magic
[CARD-MANAGER] 2015/05/24 00:32:24 asdfas
[CARD-MANAGER] 2015/05/24 00:32:24 magic
[CARD-MANAGER] 2015/05/24 00:32:24 asdfa
[CARD-MANAGER] 2015/05/24 00:32:24 magic
[CARD-MANAGER] 2015/05/24 00:32:24 asdf
[CARD-MANAGER] 2015/05/24 00:32:24 magic
[CARD-MANAGER] 2015/05/24 00:32:24 asd
[CARD-MANAGER] 2015/05/24 00:32:24 magic
[CARD-MANAGER] 2015/05/24 00:32:24 asd
[CARD-MANAGER] 2015/05/24 00:32:24 magic
[CARD-MANAGER] 2015/05/24 00:32:24 asdf
[CARD-MANAGER] 2015/05/24 00:32:24 magic
[CARD-MANAGER] 2015/05/24 00:32:24 asdfa
[CARD-MANAGER] 2015/05/24 00:32:25 magic
[CARD-MANAGER] 2015/05/24 00:32:25 asdfas
[CARD-MANAGER] 2015/05/24 00:32:25 magic
[CARD-MANAGER] 2015/05/24 00:32:25 asdfasd
[CARD-MANAGER] 2015/05/24 00:32:25 magic
[CARD-MANAGER] 2015/05/24 00:32:25 asdfasdf
[CARD-MANAGER] 2015/05/24 00:32:25 magic
[CARD-MANAGER] 2015/05/24 00:32:25 asdfasdfa
[CARD-MANAGER] 2015/05/24 00:32:25 magic
[CARD-MANAGER] 2015/05/24 00:32:25 asdfasdfas
[CARD-MANAGER] 2015/05/24 00:32:25 magic
[CARD-MANAGER] 2015/05/24 00:32:25 asdfasdfasd
[CARD-MANAGER] 2015/05/24 00:32:25 magic
[CARD-MANAGER] 2015/05/24 00:32:25 asdfasdfasdf
[CARD-MANAGER] 2015/05/24 00:32:25 magic
[CARD-MANAGER] 2015/05/24 00:32:25 asdfasdfasdfa
[CARD-MANAGER] 2015/05/24 00:32:26 magic
[CARD-MANAGER] 2015/05/24 00:32:26 asdfasdfasdfas
[CARD-MANAGER] 2015/05/24 00:32:26 magic
[CARD-MANAGER] 2015/05/24 00:32:26 asdfasdfasdfasd
[CARD-MANAGER] 2015/05/24 00:32:26 magic
[CARD-MANAGER] 2015/05/24 00:32:26 asdfasdfasdfasdf
[CARD-MANAGER] 2015/05/24 00:32:26 magic
[CARD-MANAGER] 2015/05/24 00:32:26 asdfasdfasdfasdfa
[CARD-MANAGER] 2015/05/24 00:32:26 magic
[CARD-MANAGER] 2015/05/24 00:32:26 asdfasdfasdfasdfas
[CARD-MANAGER] 2015/05/24 00:32:26 magic
[CARD-MANAGER] 2015/05/24 00:32:26 asdfasdfasdfasdfasd
[CARD-MANAGER] 2015/05/24 00:32:26 magic
[CARD-MANAGER] 2015/05/24 00:32:26 asdfasdfasdfasdfasdf
[CARD-MANAGER] 2015/05/24 00:32:26 magic
[CARD-MANAGER] 2015/05/24 00:32:26 asdfasdfasdfasdfasdfa
[CARD-MANAGER] 2015/05/24 00:32:27 magic
[CARD-MANAGER] 2015/05/24 00:32:27 asdfasdfasdfasdfasdfas
[CARD-MANAGER] 2015/05/24 00:32:27 magic
[CARD-MANAGER] 2015/05/24 00:32:27 asdfasdfasdfasdfasdfasd
[CARD-MANAGER] 2015/05/24 00:32:27 magic
[CARD-MANAGER] 2015/05/24 00:32:27 asdfasdfasdfasdfasdfasdf
[CARD-MANAGER] 2015/05/24 00:32:27 magic
[CARD-MANAGER] 2015/05/24 00:32:27 asdfasdfasdfasdfasdfasdfa
[CARD-MANAGER] 2015/05/24 00:32:27 magic
[CARD-MANAGER] 2015/05/24 00:32:27 asdfasdfasdfasdfasdfasdfas
[CARD-MANAGER] 2015/05/24 00:32:27 magic
[CARD-MANAGER] 2015/05/24 00:32:27 asdfasdfasdfasdfasdfasdfasd
[CARD-MANAGER] 2015/05/24 00:32:27 magic
[CARD-MANAGER] 2015/05/24 00:32:27 asdfasdfasdfasdfasdfasdfasdf
[CARD-MANAGER] 2015/05/24 00:32:27 magic
[CARD-MANAGER] 2015/05/24 00:32:27 asdfasdfasdfasdfasdfasdfasd
[CARD-MANAGER] 2015/05/24 00:32:28 magic
[CARD-MANAGER] 2015/05/24 00:32:28 asdfasdfasdfasdfasdfasdfas
[CARD-MANAGER] 2015/05/24 00:32:28 magic
[CARD-MANAGER] 2015/05/24 00:32:28 asdfasdfasdfasdfasdfasdfa
[CARD-MANAGER] 2015/05/24 00:32:28 magic
[CARD-MANAGER] 2015/05/24 00:32:28 asdfasdfasdfasdfasdfasdf
[CARD-MANAGER] 2015/05/24 00:32:28 magic
[CARD-MANAGER] 2015/05/24 00:32:28 asdfasdfasdfasdfasdfasd
[CARD-MANAGER] 2015/05/24 00:32:28 magic
[CARD-MANAGER] 2015/05/24 00:32:28 asdfasdfasdfasdfasdfas
[CARD-MANAGER] 2015/05/24 00:32:28 magic
[CARD-MANAGER] 2015/05/24 00:32:28 asdfasdfasdfasdfasdfa
[CARD-MANAGER] 2015/05/24 00:32:28 magic
[CARD-MANAGER] 2015/05/24 00:32:28 asdfasdfasdfasdfasdf
[CARD-MANAGER] 2015/05/24 00:32:28 magic
[CARD-MANAGER] 2015/05/24 00:32:28 asdfasdfasdfasdfasd
[CARD-MANAGER] 2015/05/24 00:32:28 magic
[CARD-MANAGER] 2015/05/24 00:32:28 asdfasdfasdfasdfas
[CARD-MANAGER] 2015/05/24 00:32:28 magic
[CARD-MANAGER] 2015/05/24 00:32:28 asdfasdfasdfasdfa
[CARD-MANAGER] 2015/05/24 00:32:28 magic
[CARD-MANAGER] 2015/05/24 00:32:28 asdfasdfasdfasdf
[CARD-MANAGER] 2015/05/24 00:32:28 magic
[CARD-MANAGER] 2015/05/24 00:32:28 asdfasdfasdfasd
[CARD-MANAGER] 2015/05/24 00:32:28 magic
[CARD-MANAGER] 2015/05/24 00:32:28 asdfasdfasdfas
[CARD-MANAGER] 2015/05/24 00:32:28 magic
[CARD-MANAGER] 2015/05/24 00:32:28 asdfasdfasdfa
[CARD-MANAGER] 2015/05/24 00:32:28 magic
[CARD-MANAGER] 2015/05/24 00:32:28 asdfasdfasdf

[CARD-MANAGER] 2015/05/24 00:33:22 Logger Initialized
[CARD-MANAGER] 2015/05/24 00:33:22 Compiling Sass
[CARD-MANAGER] 2015/05/24 00:33:22 Sass compiled
[CARD-MANAGER] 2015/05/24 00:33:22 Connecting to DB
[CARD-MANAGER] 2015/05/24 00:33:22 Connecting to DB: mongodb://magicbuilder:alm123@162.243.101.6:8085/magicbuildertest
[CARD-MANAGER] 2015/05/24 00:33:23 DB Initialized
[CARD-MANAGER] 2015/05/24 00:33:23 Creating Router
[CARD-MANAGER] 2015/05/24 00:33:23 Router Created
[CARD-MANAGER] 2015/05/24 00:33:23 Server ready
[CARD-MANAGER] 2015/05/24 00:33:23 magic
[CARD-MANAGER] 2015/05/24 00:33:23 asdfasdfa
[CARD-MANAGER] 2015/05/24 00:33:23 magic
[CARD-MANAGER] 2015/05/24 00:33:23 asdfasdf
[CARD-MANAGER] 2015/05/24 00:33:23 magic
[CARD-MANAGER] 2015/05/24 00:33:23 asdfasd
[CARD-MANAGER] 2015/05/24 00:33:23 magic
[CARD-MANAGER] 2015/05/24 00:33:23 asdfasda
[CARD-MANAGER] 2015/05/24 00:33:24 magic
[CARD-MANAGER] 2015/05/24 00:33:24 asdfasdas
[CARD-MANAGER] 2015/05/24 00:33:24 magic
[CARD-MANAGER] 2015/05/24 00:33:24 asdfasdasd
[CARD-MANAGER] 2015/05/24 00:33:24 magic
[CARD-MANAGER] 2015/05/24 00:33:24 asdfasdasdf
[CARD-MANAGER] 2015/05/24 00:33:24 magic
[CARD-MANAGER] 2015/05/24 00:33:24 asdfasdasdfa
[CARD-MANAGER] 2015/05/24 00:33:24 magic
[CARD-MANAGER] 2015/05/24 00:33:24 asdfasdasdfas
[CARD-MANAGER] 2015/05/24 00:33:24 magic
[CARD-MANAGER] 2015/05/24 00:33:24 asdfasdasdfasd
[CARD-MANAGER] 2015/05/24 00:33:24 magic
[CARD-MANAGER] 2015/05/24 00:33:24 asdfasdasdfasdf
[CARD-MANAGER] 2015/05/24 00:33:24 magic
[CARD-MANAGER] 2015/05/24 00:33:24 asdfasdasdfasd
[CARD-MANAGER] 2015/05/24 00:33:24 magic
[CARD-MANAGER] 2015/05/24 00:33:24 asdfasdasdfas
[CARD-MANAGER] 2015/05/24 00:33:25 magic
[CARD-MANAGER] 2015/05/24 00:33:25 asdfasdasdfa
[CARD-MANAGER] 2015/05/24 00:33:25 magic
[CARD-MANAGER] 2015/05/24 00:33:25 asdfasdasdf
[CARD-MANAGER] 2015/05/24 00:33:25 magic
[CARD-MANAGER] 2015/05/24 00:33:25 asdfasdasd
[CARD-MANAGER] 2015/05/24 00:33:25 magic
[CARD-MANAGER] 2015/05/24 00:33:25 asdfasdas
[CARD-MANAGER] 2015/05/24 00:33:25 magic
[CARD-MANAGER] 2015/05/24 00:33:25 asdfasda
[CARD-MANAGER] 2015/05/24 00:33:25 magic
[CARD-MANAGER] 2015/05/24 00:33:25 asdfasd
[CARD-MANAGER] 2015/05/24 00:33:25 magic
[CARD-MANAGER] 2015/05/24 00:33:25 asdfas
[CARD-MANAGER] 2015/05/24 00:33:25 magic
[CARD-MANAGER] 2015/05/24 00:33:25 asdfa
[CARD-MANAGER] 2015/05/24 00:33:25 magic
[CARD-MANAGER] 2015/05/24 00:33:25 asdf
[CARD-MANAGER] 2015/05/24 00:33:25 magic
[CARD-MANAGER] 2015/05/24 00:33:25 asd
[CARD-MANAGER] 2015/05/24 00:33:26 magic
[CARD-MANAGER] 2015/05/24 00:33:26 lig
[CARD-MANAGER] 2015/05/24 00:33:26 magic
[CARD-MANAGER] 2015/05/24 00:33:26 ligh
[CARD-MANAGER] 2015/05/24 00:33:26 magic
[CARD-MANAGER] 2015/05/24 00:33:26 light
[CARD-MANAGER] 2015/05/24 00:33:26 magic
[CARD-MANAGER] 2015/05/24 00:33:26 lightn
[CARD-MANAGER] 2015/05/24 00:33:27 magic
[CARD-MANAGER] 2015/05/24 00:33:27 lightni
[CARD-MANAGER] 2015/05/24 00:33:27 magic
[CARD-MANAGER] 2015/05/24 00:33:27 lightnin
[CARD-MANAGER] 2015/05/24 00:33:27 magic
[CARD-MANAGER] 2015/05/24 00:33:27 lightning

[CARD-MANAGER] 2015/05/24 00:37:11 Logger Initialized
[CARD-MANAGER] 2015/05/24 00:37:11 Compiling Sass
[CARD-MANAGER] 2015/05/24 00:37:11 Sass compiled
[CARD-MANAGER] 2015/05/24 00:37:11 Connecting to DB
[CARD-MANAGER] 2015/05/24 00:37:11 Connecting to DB: mongodb://magicbuilder:alm123@162.243.101.6:8085/magicbuildertest
[CARD-MANAGER] 2015/05/24 00:37:12 DB Initialized
[CARD-MANAGER] 2015/05/24 00:37:12 Creating Router
[CARD-MANAGER] 2015/05/24 00:37:12 Router Created
[CARD-MANAGER] 2015/05/24 00:37:12 Server ready
[CARD-MANAGER] 2015/05/24 00:37:12 magic
[CARD-MANAGER] 2015/05/24 00:37:12 lightni
[CARD-MANAGER] 2015/05/24 00:37:12 magic
[CARD-MANAGER] 2015/05/24 00:37:12 lightn
[CARD-MANAGER] 2015/05/24 00:37:12 magic
[CARD-MANAGER] 2015/05/24 00:37:12 light
[CARD-MANAGER] 2015/05/24 00:37:12 Find Error
[CARD-MANAGER] 2015/05/24 00:37:12 Find Error
[CARD-MANAGER] 2015/05/24 00:37:12 magic
[CARD-MANAGER] 2015/05/24 00:37:12 ligh
[CARD-MANAGER] 2015/05/24 00:37:12 Find Error
[CARD-MANAGER] 2015/05/24 00:37:12 magic
[CARD-MANAGER] 2015/05/24 00:37:12 lig
[CARD-MANAGER] 2015/05/24 00:37:12 Find Error
[CARD-MANAGER] 2015/05/24 00:37:12 Find Error
[CARD-MANAGER] 2015/05/24 00:37:13 magic
[CARD-MANAGER] 2015/05/24 00:37:13 lig
[CARD-MANAGER] 2015/05/24 00:37:13 Find Error
[CARD-MANAGER] 2015/05/24 00:37:13 magic
[CARD-MANAGER] 2015/05/24 00:37:13 ligh
[CARD-MANAGER] 2015/05/24 00:37:13 magic
[CARD-MANAGER] 2015/05/24 00:37:13 light
[CARD-MANAGER] 2015/05/24 00:37:13 Find Error
[CARD-MANAGER] 2015/05/24 00:37:13 magic
[CARD-MANAGER] 2015/05/24 00:37:13 lightn
[CARD-MANAGER] 2015/05/24 00:37:13 magic
[CARD-MANAGER] 2015/05/24 00:37:13 lightni
[CARD-MANAGER] 2015/05/24 00:37:13 Find Error
[CARD-MANAGER] 2015/05/24 00:37:13 Find Error
[CARD-MANAGER] 2015/05/24 00:37:13 magic
[CARD-MANAGER] 2015/05/24 00:37:13 lightnin
[CARD-MANAGER] 2015/05/24 00:37:13 Find Error
[CARD-MANAGER] 2015/05/24 00:37:13 magic
[CARD-MANAGER] 2015/05/24 00:37:13 lightning
[CARD-MANAGER] 2015/05/24 00:37:13 Find Error
[CARD-MANAGER] 2015/05/24 00:37:13 Find Error

[CARD-MANAGER] 2015/05/24 00:37:49 Logger Initialized
[CARD-MANAGER] 2015/05/24 00:37:49 Compiling Sass
[CARD-MANAGER] 2015/05/24 00:37:49 Sass compiled
[CARD-MANAGER] 2015/05/24 00:37:49 Connecting to DB
[CARD-MANAGER] 2015/05/24 00:37:49 Connecting to DB: mongodb://magicbuilder:alm123@162.243.101.6:8085/magicbuildertest
[CARD-MANAGER] 2015/05/24 00:37:50 DB Initialized
[CARD-MANAGER] 2015/05/24 00:37:50 Creating Router
[CARD-MANAGER] 2015/05/24 00:37:50 Router Created
[CARD-MANAGER] 2015/05/24 00:37:50 Server ready
[CARD-MANAGER] 2015/05/24 00:37:50 magic
[CARD-MANAGER] 2015/05/24 00:37:50 lightning

[CARD-MANAGER] 2015/05/24 00:38:25 Logger Initialized
[CARD-MANAGER] 2015/05/24 00:38:25 Compiling Sass
[CARD-MANAGER] 2015/05/24 00:38:25 Sass compiled
[CARD-MANAGER] 2015/05/24 00:38:25 Connecting to DB
[CARD-MANAGER] 2015/05/24 00:38:25 Connecting to DB: mongodb://magicbuilder:alm123@162.243.101.6:8085/magicbuildertest
[CARD-MANAGER] 2015/05/24 00:38:26 DB Initialized
[CARD-MANAGER] 2015/05/24 00:38:26 Creating Router
[CARD-MANAGER] 2015/05/24 00:38:26 Router Created
[CARD-MANAGER] 2015/05/24 00:38:26 Server ready
[CARD-MANAGER] 2015/05/24 00:38:26 magic
[CARD-MANAGER] 2015/05/24 00:38:26 lightning
[CARD-MANAGER] 2015/05/24 00:38:26 []
[CARD-MANAGER] 2015/05/24 00:38:27 magic
[CARD-MANAGER] 2015/05/24 00:38:27 lightnin
[CARD-MANAGER] 2015/05/24 00:38:27 []
[CARD-MANAGER] 2015/05/24 00:38:27 magic
[CARD-MANAGER] 2015/05/24 00:38:27 lightning
[CARD-MANAGER] 2015/05/24 00:38:27 []
[CARD-MANAGER] 2015/05/24 00:38:27 magic
[CARD-MANAGER] 2015/05/24 00:38:27 lightnin
[CARD-MANAGER] 2015/05/24 00:38:27 []
[CARD-MANAGER] 2015/05/24 00:38:27 magic
[CARD-MANAGER] 2015/05/24 00:38:27 lightning
[CARD-MANAGER] 2015/05/24 00:38:27 []
[CARD-MANAGER] 2015/05/24 00:38:27 magic
[CARD-MANAGER] 2015/05/24 00:38:27 lightnin
[CARD-MANAGER] 2015/05/24 00:38:28 []
[CARD-MANAGER] 2015/05/24 00:38:28 magic
[CARD-MANAGER] 2015/05/24 00:38:28 lightning
[CARD-MANAGER] 2015/05/24 00:38:28 []

[CARD-MANAGER] 2015/05/24 00:46:18 Logger Initialized
[CARD-MANAGER] 2015/05/24 00:46:18 Compiling Sass
[CARD-MANAGER] 2015/05/24 00:46:18 Sass compiled
[CARD-MANAGER] 2015/05/24 00:46:18 Connecting to DB
[CARD-MANAGER] 2015/05/24 00:46:18 Connecting to DB: mongodb://magicbuilder:alm123@162.243.101.6:8085/magicbuildertest
[CARD-MANAGER] 2015/05/24 00:46:18 DB Initialized
[CARD-MANAGER] 2015/05/24 00:46:18 Creating Router
[CARD-MANAGER] 2015/05/24 00:46:18 Router Created
[CARD-MANAGER] 2015/05/24 00:46:18 Server ready
[CARD-MANAGER] 2015/05/24 00:46:22 magic
[CARD-MANAGER] 2015/05/24 00:46:22 lightnin
[CARD-MANAGER] 2015/05/24 00:46:22 []
[CARD-MANAGER] 2015/05/24 00:46:22 magic
[CARD-MANAGER] 2015/05/24 00:46:22 lightning
[CARD-MANAGER] 2015/05/24 00:46:22 Find Error
[CARD-MANAGER] 2015/05/24 00:46:22 Can't canonicalize query: BadValue unknown operator: options
[CARD-MANAGER] 2015/05/24 00:46:22 []
[CARD-MANAGER] 2015/05/24 00:46:23 magic
[CARD-MANAGER] 2015/05/24 00:46:23 lightnin
[CARD-MANAGER] 2015/05/24 00:46:24 Find Error
[CARD-MANAGER] 2015/05/24 00:46:24 Can't canonicalize query: BadValue unknown operator: options
[CARD-MANAGER] 2015/05/24 00:46:24 []
[CARD-MANAGER] 2015/05/24 00:46:24 magic
[CARD-MANAGER] 2015/05/24 00:46:24 lightning
[CARD-MANAGER] 2015/05/24 00:46:24 []
