[CARD-MANAGER] 2015/05/23 13:17:30 Logger Initialized

[CARD-MANAGER] 2015/05/23 13:17:30 Logger Initialized

[CARD-MANAGER] 2015/05/23 13:17:51 Logger Initialized

[CARD-MANAGER] 2015/05/23 13:18:40 Logger Initialized

[CARD-MANAGER] 2015/05/23 13:19:36 Logger Initialized

[CARD-MANAGER] 2015/05/23 13:29:08 Logger Initialized
[CARD-MANAGER] 2015/05/23 13:29:08 Compiling Sass

[CARD-MANAGER] 2015/05/23 13:29:08 Logger Initialized
[CARD-MANAGER] 2015/05/23 13:29:08 Compiling Sass

[CARD-MANAGER] 2015/05/23 13:29:30 Logger Initialized
[CARD-MANAGER] 2015/05/23 13:29:30 Compiling Sass
[CARD-MANAGER] 2015/05/23 13:29:30 Sass compiled
[CARD-MANAGER] 2015/05/23 13:29:30 Connecting to DB
[CARD-MANAGER] 2015/05/23 13:29:30 open db.properties: no such file or directory
[CARD-MANAGER] 2015/05/23 13:29:30 Connecting to DB: mongodb://:@:/
[CARD-MANAGER] 2015/05/23 13:29:30 credentials must be provided as user:pass@host
[CARD-MANAGER] 2015/05/23 13:29:30 credentials must be provided as user:pass@host

[CARD-MANAGER] 2015/05/23 13:29:30 Logger Initialized
[CARD-MANAGER] 2015/05/23 13:29:30 Compiling Sass
[CARD-MANAGER] 2015/05/23 13:29:30 Sass compiled
[CARD-MANAGER] 2015/05/23 13:29:30 Connecting to DB
[CARD-MANAGER] 2015/05/23 13:29:30 open db.properties: no such file or directory
[CARD-MANAGER] 2015/05/23 13:29:30 Connecting to DB: mongodb://:@:/
[CARD-MANAGER] 2015/05/23 13:29:30 credentials must be provided as user:pass@host
[CARD-MANAGER] 2015/05/23 13:29:30 credentials must be provided as user:pass@host

[CARD-MANAGER] 2015/05/23 13:34:17 Logger Initialized
[CARD-MANAGER] 2015/05/23 13:34:17 Compiling Sass
[CARD-MANAGER] 2015/05/23 13:34:17 Sass compiled
[CARD-MANAGER] 2015/05/23 13:34:17 Connecting to DB
[CARD-MANAGER] 2015/05/23 13:34:17 Connecting to DB: mongodb://magicbuilder:alm123@162.243.101.6:3001/magicbuildertest
[CARD-MANAGER] 2015/05/23 13:34:28 no reachable servers
[CARD-MANAGER] 2015/05/23 13:34:28 no reachable servers

[CARD-MANAGER] 2015/05/23 13:34:34 Logger Initialized
[CARD-MANAGER] 2015/05/23 13:34:34 Compiling Sass
[CARD-MANAGER] 2015/05/23 13:34:34 Sass compiled
[CARD-MANAGER] 2015/05/23 13:34:34 Connecting to DB
[CARD-MANAGER] 2015/05/23 13:34:34 Connecting to DB: mongodb://magicbuilder:alm123@162.243.101.6:3001/magicbuildertest
[CARD-MANAGER] 2015/05/23 13:34:44 no reachable servers
[CARD-MANAGER] 2015/05/23 13:34:44 no reachable servers

[CARD-MANAGER] 2015/05/23 13:36:22 Logger Initialized
[CARD-MANAGER] 2015/05/23 13:36:22 Compiling Sass
[CARD-MANAGER] 2015/05/23 13:36:22 Sass compiled
[CARD-MANAGER] 2015/05/23 13:36:22 Connecting to DB
[CARD-MANAGER] 2015/05/23 13:36:22 Connecting to DB: mongodb://magicbuilder:alm123@162.243.101.6:8085/magicbuildertest
[CARD-MANAGER] 2015/05/23 13:36:22 DB Initialized
[CARD-MANAGER] 2015/05/23 13:36:22 Creating Router
[CARD-MANAGER] 2015/05/23 13:36:22 Router Created
[CARD-MANAGER] 2015/05/23 13:36:22 Server ready

[CARD-MANAGER] 2015/05/23 13:58:32 Logger Initialized
[CARD-MANAGER] 2015/05/23 13:58:32 Compiling Sass
[CARD-MANAGER] 2015/05/23 13:58:32 Sass compiled
[CARD-MANAGER] 2015/05/23 13:58:32 Connecting to DB
[CARD-MANAGER] 2015/05/23 13:58:32 Connecting to DB: mongodb://magicbuilder:alm123@162.243.101.6:8085/magicbuildertest
[CARD-MANAGER] 2015/05/23 13:58:33 DB Initialized
[CARD-MANAGER] 2015/05/23 13:58:33 Creating Router
[CARD-MANAGER] 2015/05/23 13:58:33 Router Created
[CARD-MANAGER] 2015/05/23 13:58:33 Server ready

[CARD-MANAGER] 2015/05/23 14:19:05 Logger Initialized
[CARD-MANAGER] 2015/05/23 14:19:05 Compiling Sass
[CARD-MANAGER] 2015/05/23 14:19:05 Sass compiled
[CARD-MANAGER] 2015/05/23 14:19:05 Connecting to DB
[CARD-MANAGER] 2015/05/23 14:19:05 Connecting to DB: mongodb://magicbuilder:alm123@162.243.101.6:8085/magicbuildertest
[CARD-MANAGER] 2015/05/23 14:19:05 DB Initialized
[CARD-MANAGER] 2015/05/23 14:19:05 Creating Router
[CARD-MANAGER] 2015/05/23 14:19:05 Router Created
[CARD-MANAGER] 2015/05/23 14:19:05 Server ready

[CARD-MANAGER] 2015/05/23 14:19:53 Logger Initialized
[CARD-MANAGER] 2015/05/23 14:19:53 Compiling Sass
[CARD-MANAGER] 2015/05/23 14:19:53 Sass compiled
[CARD-MANAGER] 2015/05/23 14:19:53 Connecting to DB
[CARD-MANAGER] 2015/05/23 14:19:53 Connecting to DB: mongodb://magicbuilder:alm123@162.243.101.6:8085/magicbuildertest
[CARD-MANAGER] 2015/05/23 14:19:53 DB Initialized
[CARD-MANAGER] 2015/05/23 14:19:53 Creating Router
[CARD-MANAGER] 2015/05/23 14:19:53 Router Created
[CARD-MANAGER] 2015/05/23 14:19:53 Server ready
[CARD-MANAGER] 2015/05/23 14:21:47 User ChasingLogic has successfully signed up.
[CARD-MANAGER] 2015/05/23 14:22:19 User ChasingLogic has successfully logged in.
